# JRE version: OpenJDK Runtime Environment Temurin-21.0.9+10 (21.0.9+10) (build 21.0.9+10-LTS)
# Java VM: OpenJDK 64-Bit Server VM Temurin-21.0.9+10 (21.0.9+10-LTS, mixed mode, sharing, tiered, compressed oops, compressed class ptrs, parallel gc, windows-amd64)
GC Precious Log:
 CardTable entry size: 512
 CPUs: 12 total, 12 available
 Memory: 15693M
 Large Page Support: Disabled
 NUMA Support: Disabled
 Compressed Oops: Enabled (32-bit)
 Alignments: Space 512K, Generation 512K, Heap 2M
 Heap Min Capacity: 100M
 Heap Initial Capacity: 100M
 Heap Max Capacity: 2G
 Pre-touch: Disabled
 Parallel Workers: 10
Heap:
 PSYoungGen      total 24064K, used 14505K [0x00000000d5580000, 0x00000000d7100000, 0x0000000100000000)
  eden space 22016K, 65% used [0x00000000d5580000,0x00000000d63aa7e0,0x00000000d6b00000)
  from space 2048K, 0% used [0x00000000d6e00000,0x00000000d6e00000,0x00000000d7000000)
  to   space 1024K, 0% used [0x00000000d7000000,0x00000000d7000000,0x00000000d7100000)
 ParOldGen       total 68608K, used 18325K [0x0000000080000000, 0x0000000084300000, 0x00000000d5580000)
  object space 68608K, 26% used [0x0000000080000000,0x00000000811e56e0,0x0000000084300000)
 Metaspace       used 35857K, committed 37056K, reserved 1114112K
  class space    used 3744K, committed 4288K, reserved 1048576K
GC Heap History (20 events):
Event: 34.218 GC heap before
{Heap before GC invocations=6 (full 0):
 PSYoungGen      total 29184K, used 29153K [0x00000000d5580000, 0x00000000d7a00000, 0x0000000100000000)
  eden space 25088K, 100% used [0x00000000d5580000,0x00000000d6e00000,0x00000000d6e00000)
  from space 4096K, 99% used [0x00000000d6e80000,0x00000000d72787b0,0x00000000d7280000)
  to   space 6144K, 0% used [0x00000000d7400000,0x00000000d7400000,0x00000000d7a00000)
 ParOldGen       total 68608K, used 8138K [0x0000000080000000, 0x0000000084300000, 0x00000000d5580000)
  object space 68608K, 11% used [0x0000000080000000,0x00000000807f2880,0x0000000084300000)
 Metaspace       used 18702K, committed 19584K, reserved 1114112K
  class space    used 1954K, committed 2304K, reserved 1048576K
}
Event: 34.224 GC heap after
{Heap after GC invocations=6 (full 0):
 PSYoungGen      total 30208K, used 5332K [0x00000000d5580000, 0x00000000d7980000, 0x0000000100000000)
  eden space 24576K, 0% used [0x00000000d5580000,0x00000000d5580000,0x00000000d6d80000)
  from space 5632K, 94% used [0x00000000d7400000,0x00000000d7935328,0x00000000d7980000)
  to   space 5632K, 0% used [0x00000000d6e80000,0x00000000d6e80000,0x00000000d7400000)
 ParOldGen       total 68608K, used 8146K [0x0000000080000000, 0x0000000084300000, 0x00000000d5580000)
  object space 68608K, 11% used [0x0000000080000000,0x00000000807f4880,0x0000000084300000)
 Metaspace       used 18702K, committed 19584K, reserved 1114112K
  class space    used 1954K, committed 2304K, reserved 1048576K
}
Event: 34.672 GC heap before
{Heap before GC invocations=7 (full 0):
 PSYoungGen      total 30208K, used 25408K [0x00000000d5580000, 0x00000000d7980000, 0x0000000100000000)
  eden space 24576K, 81% used [0x00000000d5580000,0x00000000d691af60,0x00000000d6d80000)
  from space 5632K, 94% used [0x00000000d7400000,0x00000000d7935328,0x00000000d7980000)
  to   space 5632K, 0% used [0x00000000d6e80000,0x00000000d6e80000,0x00000000d7400000)
 ParOldGen       total 68608K, used 8146K [0x0000000080000000, 0x0000000084300000, 0x00000000d5580000)
  object space 68608K, 11% used [0x0000000080000000,0x00000000807f4880,0x0000000084300000)
 Metaspace       used 20629K, committed 21504K, reserved 1114112K
  class space    used 2177K, committed 2560K, reserved 1048576K
}
Event: 34.679 GC heap after
{Heap after GC invocations=7 (full 0):
 PSYoungGen      total 29184K, used 4527K [0x00000000d5580000, 0x00000000d7780000, 0x0000000100000000)
  eden space 24576K, 0% used [0x00000000d5580000,0x00000000d5580000,0x00000000d6d80000)
  from space 4608K, 98% used [0x00000000d6e80000,0x00000000d72ebf68,0x00000000d7300000)
  to   space 4608K, 0% used [0x00000000d7300000,0x00000000d7300000,0x00000000d7780000)
 ParOldGen       total 68608K, used 9637K [0x0000000080000000, 0x0000000084300000, 0x00000000d5580000)
  object space 68608K, 14% used [0x0000000080000000,0x00000000809697f8,0x0000000084300000)
 Metaspace       used 20629K, committed 21504K, reserved 1114112K
  class space    used 2177K, committed 2560K, reserved 1048576K
}
Event: 34.679 GC heap before
{Heap before GC invocations=8 (full 1):
 PSYoungGen      total 29184K, used 4527K [0x00000000d5580000, 0x00000000d7780000, 0x0000000100000000)
  eden space 24576K, 0% used [0x00000000d5580000,0x00000000d5580000,0x00000000d6d80000)
  from space 4608K, 98% used [0x00000000d6e80000,0x00000000d72ebf68,0x00000000d7300000)
  to   space 4608K, 0% used [0x00000000d7300000,0x00000000d7300000,0x00000000d7780000)
 ParOldGen       total 68608K, used 9637K [0x0000000080000000, 0x0000000084300000, 0x00000000d5580000)
  object space 68608K, 14% used [0x0000000080000000,0x00000000809697f8,0x0000000084300000)
 Metaspace       used 20629K, committed 21504K, reserved 1114112K
  class space    used 2177K, committed 2560K, reserved 1048576K
}
Event: 34.729 GC heap after
{Heap after GC invocations=8 (full 1):
 PSYoungGen      total 29184K, used 0K [0x00000000d5580000, 0x00000000d7780000, 0x0000000100000000)
  eden space 24576K, 0% used [0x00000000d5580000,0x00000000d5580000,0x00000000d6d80000)
  from space 4608K, 0% used [0x00000000d6e80000,0x00000000d6e80000,0x00000000d7300000)
  to   space 4608K, 0% used [0x00000000d7300000,0x00000000d7300000,0x00000000d7780000)
 ParOldGen       total 68608K, used 13519K [0x0000000080000000, 0x0000000084300000, 0x00000000d5580000)
  object space 68608K, 19% used [0x0000000080000000,0x0000000080d33e10,0x0000000084300000)
 Metaspace       used 20616K, committed 21504K, reserved 1114112K
  class space    used 2174K, committed 2560K, reserved 1048576K
}
Event: 35.050 GC heap before
{Heap before GC invocations=9 (full 1):
 PSYoungGen      total 29184K, used 24576K [0x00000000d5580000, 0x00000000d7780000, 0x0000000100000000)
  eden space 24576K, 100% used [0x00000000d5580000,0x00000000d6d80000,0x00000000d6d80000)
  from space 4608K, 0% used [0x00000000d6e80000,0x00000000d6e80000,0x00000000d7300000)
  to   space 4608K, 0% used [0x00000000d7300000,0x00000000d7300000,0x00000000d7780000)
 ParOldGen       total 68608K, used 13519K [0x0000000080000000, 0x0000000084300000, 0x00000000d5580000)
  object space 68608K, 19% used [0x0000000080000000,0x0000000080d33e10,0x0000000084300000)
 Metaspace       used 23001K, committed 23872K, reserved 1114112K
  class space    used 2345K, committed 2688K, reserved 1048576K
}
Event: 35.052 GC heap after
{Heap after GC invocations=9 (full 1):
 PSYoungGen      total 25600K, used 1132K [0x00000000d5580000, 0x00000000d7480000, 0x0000000100000000)
  eden space 24064K, 0% used [0x00000000d5580000,0x00000000d5580000,0x00000000d6d00000)
  from space 1536K, 73% used [0x00000000d7300000,0x00000000d741b310,0x00000000d7480000)
  to   space 2560K, 0% used [0x00000000d6f80000,0x00000000d6f80000,0x00000000d7200000)
 ParOldGen       total 68608K, used 13519K [0x0000000080000000, 0x0000000084300000, 0x00000000d5580000)
  object space 68608K, 19% used [0x0000000080000000,0x0000000080d33e10,0x0000000084300000)
 Metaspace       used 23001K, committed 23872K, reserved 1114112K
  class space    used 2345K, committed 2688K, reserved 1048576K
}
Event: 35.386 GC heap before
{Heap before GC invocations=10 (full 1):
 PSYoungGen      total 25600K, used 24707K [0x00000000d5580000, 0x00000000d7480000, 0x0000000100000000)
  eden space 24064K, 97% used [0x00000000d5580000,0x00000000d6c85ac8,0x00000000d6d00000)
  from space 1536K, 73% used [0x00000000d7300000,0x00000000d741b310,0x00000000d7480000)
  to   space 2560K, 0% used [0x00000000d6f80000,0x00000000d6f80000,0x00000000d7200000)
 ParOldGen       total 68608K, used 13519K [0x0000000080000000, 0x0000000084300000, 0x00000000d5580000)
  object space 68608K, 19% used [0x0000000080000000,0x0000000080d33e10,0x0000000084300000)
 Metaspace       used 26445K, committed 27264K, reserved 1114112K
  class space    used 2612K, committed 2944K, reserved 1048576K
}
Event: 35.388 GC heap after
{Heap after GC invocations=10 (full 1):
 PSYoungGen      total 25600K, used 1798K [0x00000000d5580000, 0x00000000d7380000, 0x0000000100000000)
  eden space 23552K, 0% used [0x00000000d5580000,0x00000000d5580000,0x00000000d6c80000)
  from space 2048K, 87% used [0x00000000d6f80000,0x00000000d7141be0,0x00000000d7180000)
  to   space 2048K, 0% used [0x00000000d7180000,0x00000000d7180000,0x00000000d7380000)
 ParOldGen       total 68608K, used 13519K [0x0000000080000000, 0x0000000084300000, 0x00000000d5580000)
  object space 68608K, 19% used [0x0000000080000000,0x0000000080d33e10,0x0000000084300000)
 Metaspace       used 26445K, committed 27264K, reserved 1114112K
  class space    used 2612K, committed 2944K, reserved 1048576K
}
Event: 35.790 GC heap before
{Heap before GC invocations=11 (full 1):
 PSYoungGen      total 25600K, used 25350K [0x00000000d5580000, 0x00000000d7380000, 0x0000000100000000)
  eden space 23552K, 100% used [0x00000000d5580000,0x00000000d6c80000,0x00000000d6c80000)
  from space 2048K, 87% used [0x00000000d6f80000,0x00000000d7141be0,0x00000000d7180000)
  to   space 2048K, 0% used [0x00000000d7180000,0x00000000d7180000,0x00000000d7380000)
 ParOldGen       total 68608K, used 13519K [0x0000000080000000, 0x0000000084300000, 0x00000000d5580000)
  object space 68608K, 19% used [0x0000000080000000,0x0000000080d33e10,0x0000000084300000)
 Metaspace       used 28127K, committed 29056K, reserved 1114112K
  class space    used 2753K, committed 3136K, reserved 1048576K
}
Event: 35.793 GC heap after
{Heap after GC invocations=11 (full 1):
 PSYoungGen      total 25088K, used 2033K [0x00000000d5580000, 0x00000000d7380000, 0x0000000100000000)
  eden space 23040K, 0% used [0x00000000d5580000,0x00000000d5580000,0x00000000d6c00000)
  from space 2048K, 99% used [0x00000000d7180000,0x00000000d737c7e0,0x00000000d7380000)
  to   space 2560K, 0% used [0x00000000d6e80000,0x00000000d6e80000,0x00000000d7100000)
 ParOldGen       total 68608K, used 14885K [0x0000000080000000, 0x0000000084300000, 0x00000000d5580000)
  object space 68608K, 21% used [0x0000000080000000,0x0000000080e89478,0x0000000084300000)
 Metaspace       used 28127K, committed 29056K, reserved 1114112K
  class space    used 2753K, committed 3136K, reserved 1048576K
}
Event: 36.220 GC heap before
{Heap before GC invocations=12 (full 1):
 PSYoungGen      total 25088K, used 25070K [0x00000000d5580000, 0x00000000d7380000, 0x0000000100000000)
  eden space 23040K, 99% used [0x00000000d5580000,0x00000000d6bff3c0,0x00000000d6c00000)
  from space 2048K, 99% used [0x00000000d7180000,0x00000000d737c7e0,0x00000000d7380000)
  to   space 2560K, 0% used [0x00000000d6e80000,0x00000000d6e80000,0x00000000d7100000)
 ParOldGen       total 68608K, used 14885K [0x0000000080000000, 0x0000000084300000, 0x00000000d5580000)
  object space 68608K, 21% used [0x0000000080000000,0x0000000080e89478,0x0000000084300000)
 Metaspace       used 31675K, committed 32768K, reserved 1114112K
  class space    used 3182K, committed 3648K, reserved 1048576K
}
Event: 36.223 GC heap after
{Heap after GC invocations=12 (full 1):
 PSYoungGen      total 24064K, used 1197K [0x00000000d5580000, 0x00000000d7200000, 0x0000000100000000)
  eden space 22528K, 0% used [0x00000000d5580000,0x00000000d5580000,0x00000000d6b80000)
  from space 1536K, 77% used [0x00000000d6e80000,0x00000000d6fab460,0x00000000d7000000)
  to   space 1536K, 0% used [0x00000000d7080000,0x00000000d7080000,0x00000000d7200000)
 ParOldGen       total 68608K, used 16734K [0x0000000080000000, 0x0000000084300000, 0x00000000d5580000)
  object space 68608K, 24% used [0x0000000080000000,0x0000000081057b08,0x0000000084300000)
 Metaspace       used 31675K, committed 32768K, reserved 1114112K
  class space    used 3182K, committed 3648K, reserved 1048576K
}
Event: 36.456 GC heap before
{Heap before GC invocations=13 (full 1):
 PSYoungGen      total 24064K, used 23725K [0x00000000d5580000, 0x00000000d7200000, 0x0000000100000000)
  eden space 22528K, 100% used [0x00000000d5580000,0x00000000d6b80000,0x00000000d6b80000)
  from space 1536K, 77% used [0x00000000d6e80000,0x00000000d6fab460,0x00000000d7000000)
  to   space 1536K, 0% used [0x00000000d7080000,0x00000000d7080000,0x00000000d7200000)
 ParOldGen       total 68608K, used 16734K [0x0000000080000000, 0x0000000084300000, 0x00000000d5580000)
  object space 68608K, 24% used [0x0000000080000000,0x0000000081057b08,0x0000000084300000)
 Metaspace       used 34589K, committed 35776K, reserved 1114112K
  class space    used 3569K, committed 4096K, reserved 1048576K
}
Event: 36.459 GC heap after
{Heap after GC invocations=13 (full 1):
 PSYoungGen      total 23552K, used 1529K [0x00000000d5580000, 0x00000000d7200000, 0x0000000100000000)
  eden space 22016K, 0% used [0x00000000d5580000,0x00000000d5580000,0x00000000d6b00000)
  from space 1536K, 99% used [0x00000000d7080000,0x00000000d71fe508,0x00000000d7200000)
  to   space 2048K, 0% used [0x00000000d6e00000,0x00000000d6e00000,0x00000000d7000000)
 ParOldGen       total 68608K, used 17709K [0x0000000080000000, 0x0000000084300000, 0x00000000d5580000)
  object space 68608K, 25% used [0x0000000080000000,0x000000008114b4d8,0x0000000084300000)
 Metaspace       used 34589K, committed 35776K, reserved 1114112K
  class space    used 3569K, committed 4096K, reserved 1048576K
}
Event: 36.472 GC heap before
{Heap before GC invocations=14 (full 1):
 PSYoungGen      total 23552K, used 2552K [0x00000000d5580000, 0x00000000d7200000, 0x0000000100000000)
  eden space 22016K, 4% used [0x00000000d5580000,0x00000000d567fe50,0x00000000d6b00000)
  from space 1536K, 99% used [0x00000000d7080000,0x00000000d71fe508,0x00000000d7200000)
  to   space 2048K, 0% used [0x00000000d6e00000,0x00000000d6e00000,0x00000000d7000000)
 ParOldGen       total 68608K, used 17709K [0x0000000080000000, 0x0000000084300000, 0x00000000d5580000)
  object space 68608K, 25% used [0x0000000080000000,0x000000008114b4d8,0x0000000084300000)
 Metaspace       used 34715K, committed 35840K, reserved 1114112K
  class space    used 3586K, committed 4096K, reserved 1048576K
}
Event: 36.474 GC heap after
{Heap after GC invocations=14 (full 1):
 PSYoungGen      total 24064K, used 352K [0x00000000d5580000, 0x00000000d7100000, 0x0000000100000000)
  eden space 22016K, 0% used [0x00000000d5580000,0x00000000d5580000,0x00000000d6b00000)
  from space 2048K, 17% used [0x00000000d6e00000,0x00000000d6e58000,0x00000000d7000000)
  to   space 1024K, 0% used [0x00000000d7000000,0x00000000d7000000,0x00000000d7100000)
 ParOldGen       total 68608K, used 19079K [0x0000000080000000, 0x0000000084300000, 0x00000000d5580000)
  object space 68608K, 27% used [0x0000000080000000,0x00000000812a1ef8,0x0000000084300000)
 Metaspace       used 34715K, committed 35840K, reserved 1114112K
  class space    used 3586K, committed 4096K, reserved 1048576K
}
Event: 36.474 GC heap before
{Heap before GC invocations=15 (full 2):
 PSYoungGen      total 24064K, used 352K [0x00000000d5580000, 0x00000000d7100000, 0x0000000100000000)
  eden space 22016K, 0% used [0x00000000d5580000,0x00000000d5580000,0x00000000d6b00000)
  from space 2048K, 17% used [0x00000000d6e00000,0x00000000d6e58000,0x00000000d7000000)
  to   space 1024K, 0% used [0x00000000d7000000,0x00000000d7000000,0x00000000d7100000)
 ParOldGen       total 68608K, used 19079K [0x0000000080000000, 0x0000000084300000, 0x00000000d5580000)
  object space 68608K, 27% used [0x0000000080000000,0x00000000812a1ef8,0x0000000084300000)
 Metaspace       used 34715K, committed 35840K, reserved 1114112K
  class space    used 3586K, committed 4096K, reserved 1048576K
}
Event: 36.532 GC heap after
{Heap after GC invocations=15 (full 2):
 PSYoungGen      total 24064K, used 0K [0x00000000d5580000, 0x00000000d7100000, 0x0000000100000000)
  eden space 22016K, 0% used [0x00000000d5580000,0x00000000d5580000,0x00000000d6b00000)
  from space 2048K, 0% used [0x00000000d6e00000,0x00000000d6e00000,0x00000000d7000000)
  to   space 1024K, 0% used [0x00000000d7000000,0x00000000d7000000,0x00000000d7100000)
 ParOldGen       total 68608K, used 18325K [0x0000000080000000, 0x0000000084300000, 0x00000000d5580000)
  object space 68608K, 26% used [0x0000000080000000,0x00000000811e56e0,0x0000000084300000)
 Metaspace       used 34689K, committed 35840K, reserved 1114112K
  class space    used 3578K, committed 4096K, reserved 1048576K
}

