# JRE version: OpenJDK Runtime Environment (21.0.8) (build 21.0.8+-14196175-b1038.72)
# Java VM: OpenJDK 64-Bit Server VM (21.0.8+-14196175-b1038.72, mixed mode, tiered, compressed oops, compressed class ptrs, g1 gc, windows-amd64)
GC Precious Log:
 CardTable entry size: 512
 Card Set container configuration: InlinePtr #cards 4 size 8 Array Of Cards #cards 32 size 80 Howl #buckets 8 coarsen threshold 7372 Howl Bitmap #cards 1024 size 144 coarsen threshold 921 Card regions per heap region 1 cards per card region 8192
 CPUs: 12 total, 12 available
 Memory: 15693M
 Large Page Support: Disabled
 NUMA Support: Disabled
 Compressed Oops: Enabled (Zero based)
 Heap Region Size: 4M
 Heap Min Capacity: 8M
 Heap Initial Capacity: 248M
 Heap Max Capacity: 8G
 Pre-touch: Disabled
 Parallel Workers: 10
 Concurrent Workers: 3
 Concurrent Refinement Workers: 10
 Periodic GC: Disabled
Heap:
 garbage-first heap   total 716800K, used 421935K [0x0000000600000000, 0x0000000800000000)
  region size 4096K, 3 young (12288K), 3 survivors (12288K)
 Metaspace       used 190667K, committed 193536K, reserved 1245184K
  class space    used 26090K, committed 27456K, reserved 1048576K
GC Heap History (20 events):
Event: 100.185 GC heap after
{Heap after GC invocations=69 (full 0):
 garbage-first heap   total 540672K, used 331183K [0x0000000600000000, 0x0000000800000000)
  region size 4096K, 5 young (20480K), 5 survivors (20480K)
 Metaspace       used 167828K, committed 170688K, reserved 1245184K
  class space    used 22590K, committed 23936K, reserved 1048576K
}
Event: 104.949 GC heap before
{Heap before GC invocations=69 (full 0):
 garbage-first heap   total 540672K, used 478639K [0x0000000600000000, 0x0000000800000000)
  region size 4096K, 42 young (172032K), 5 survivors (20480K)
 Metaspace       used 168180K, committed 171008K, reserved 1245184K
  class space    used 22604K, committed 23936K, reserved 1048576K
}
Event: 104.969 GC heap after
{Heap after GC invocations=70 (full 0):
 garbage-first heap   total 540672K, used 345409K [0x0000000600000000, 0x0000000800000000)
  region size 4096K, 6 young (24576K), 6 survivors (24576K)
 Metaspace       used 168180K, committed 171008K, reserved 1245184K
  class space    used 22604K, committed 23936K, reserved 1048576K
}
Event: 109.444 GC heap before
{Heap before GC invocations=71 (full 0):
 garbage-first heap   total 581632K, used 476481K [0x0000000600000000, 0x0000000800000000)
  region size 4096K, 39 young (159744K), 6 survivors (24576K)
 Metaspace       used 167799K, committed 170688K, reserved 1245184K
  class space    used 22566K, committed 23936K, reserved 1048576K
}
Event: 109.466 GC heap after
{Heap after GC invocations=72 (full 0):
 garbage-first heap   total 581632K, used 359823K [0x0000000600000000, 0x0000000800000000)
  region size 4096K, 5 young (20480K), 5 survivors (20480K)
 Metaspace       used 167799K, committed 170688K, reserved 1245184K
  class space    used 22566K, committed 23936K, reserved 1048576K
}
Event: 113.775 GC heap before
{Heap before GC invocations=72 (full 0):
 garbage-first heap   total 581632K, used 519567K [0x0000000600000000, 0x0000000800000000)
  region size 4096K, 46 young (188416K), 5 survivors (20480K)
 Metaspace       used 168892K, committed 171712K, reserved 1245184K
  class space    used 22657K, committed 24000K, reserved 1048576K
}
Event: 113.792 GC heap after
{Heap after GC invocations=73 (full 0):
 garbage-first heap   total 581632K, used 354451K [0x0000000600000000, 0x0000000800000000)
  region size 4096K, 3 young (12288K), 3 survivors (12288K)
 Metaspace       used 168892K, committed 171712K, reserved 1245184K
  class space    used 22657K, committed 24000K, reserved 1048576K
}
Event: 118.210 GC heap before
{Heap before GC invocations=73 (full 0):
 garbage-first heap   total 581632K, used 522387K [0x0000000600000000, 0x0000000800000000)
  region size 4096K, 46 young (188416K), 3 survivors (12288K)
 Metaspace       used 175764K, committed 178624K, reserved 1245184K
  class space    used 23652K, committed 25024K, reserved 1048576K
}
Event: 118.231 GC heap after
{Heap after GC invocations=74 (full 0):
 garbage-first heap   total 581632K, used 377067K [0x0000000600000000, 0x0000000800000000)
  region size 4096K, 6 young (24576K), 6 survivors (24576K)
 Metaspace       used 175764K, committed 178624K, reserved 1245184K
  class space    used 23652K, committed 25024K, reserved 1048576K
}
Event: 119.749 GC heap before
{Heap before GC invocations=75 (full 0):
 garbage-first heap   total 634880K, used 512235K [0x0000000600000000, 0x0000000800000000)
  region size 4096K, 40 young (163840K), 6 survivors (24576K)
 Metaspace       used 179777K, committed 182656K, reserved 1245184K
  class space    used 24421K, committed 25792K, reserved 1048576K
}
Event: 119.774 GC heap after
{Heap after GC invocations=76 (full 0):
 garbage-first heap   total 634880K, used 396647K [0x0000000600000000, 0x0000000800000000)
  region size 4096K, 5 young (20480K), 5 survivors (20480K)
 Metaspace       used 179777K, committed 182656K, reserved 1245184K
  class space    used 24421K, committed 25792K, reserved 1048576K
}
Event: 120.804 GC heap before
{Heap before GC invocations=76 (full 0):
 garbage-first heap   total 634880K, used 580967K [0x0000000600000000, 0x0000000800000000)
  region size 4096K, 46 young (188416K), 5 survivors (20480K)
 Metaspace       used 186562K, committed 189504K, reserved 1245184K
  class space    used 25529K, committed 26944K, reserved 1048576K
}
Event: 120.833 GC heap after
{Heap after GC invocations=77 (full 0):
 garbage-first heap   total 634880K, used 415867K [0x0000000600000000, 0x0000000800000000)
  region size 4096K, 6 young (24576K), 6 survivors (24576K)
 Metaspace       used 186562K, committed 189504K, reserved 1245184K
  class space    used 25529K, committed 26944K, reserved 1048576K
}
Event: 121.552 GC heap before
{Heap before GC invocations=77 (full 0):
 garbage-first heap   total 634880K, used 567419K [0x0000000600000000, 0x0000000800000000)
  region size 4096K, 45 young (184320K), 6 survivors (24576K)
 Metaspace       used 189053K, committed 191872K, reserved 1245184K
  class space    used 25779K, committed 27136K, reserved 1048576K
}
Event: 121.574 GC heap after
{Heap after GC invocations=78 (full 0):
 garbage-first heap   total 634880K, used 427099K [0x0000000600000000, 0x0000000800000000)
  region size 4096K, 3 young (12288K), 3 survivors (12288K)
 Metaspace       used 189053K, committed 191872K, reserved 1245184K
  class space    used 25779K, committed 27136K, reserved 1048576K
}
Event: 122.473 GC heap before
{Heap before GC invocations=79 (full 0):
 garbage-first heap   total 716800K, used 574555K [0x0000000600000000, 0x0000000800000000)
  region size 4096K, 40 young (163840K), 3 survivors (12288K)
 Metaspace       used 189085K, committed 192000K, reserved 1245184K
  class space    used 25829K, committed 27200K, reserved 1048576K
}
Event: 122.486 GC heap after
{Heap after GC invocations=80 (full 0):
 garbage-first heap   total 716800K, used 432707K [0x0000000600000000, 0x0000000800000000)
  region size 4096K, 2 young (8192K), 2 survivors (8192K)
 Metaspace       used 189085K, committed 192000K, reserved 1245184K
  class space    used 25829K, committed 27200K, reserved 1048576K
}
Event: 123.301 GC heap before
{Heap before GC invocations=80 (full 0):
 garbage-first heap   total 716800K, used 645699K [0x0000000600000000, 0x0000000800000000)
  region size 4096K, 54 young (221184K), 2 survivors (8192K)
 Metaspace       used 190627K, committed 193472K, reserved 1245184K
  class space    used 26087K, committed 27456K, reserved 1048576K
}
Event: 123.315 GC heap after
{Heap after GC invocations=81 (full 0):
 garbage-first heap   total 716800K, used 422948K [0x0000000600000000, 0x0000000800000000)
  region size 4096K, 3 young (12288K), 3 survivors (12288K)
 Metaspace       used 190627K, committed 193472K, reserved 1245184K
  class space    used 26087K, committed 27456K, reserved 1048576K
}
Event: 123.333 GC heap before
{Heap before GC invocations=81 (full 0):
 garbage-first heap   total 716800K, used 427044K [0x0000000600000000, 0x0000000800000000)
  region size 4096K, 5 young (20480K), 3 survivors (12288K)
 Metaspace       used 190667K, committed 193536K, reserved 1245184K
  class space    used 26090K, committed 27456K, reserved 1048576K
}

